dec-15 15:14:50.619 [main] DEBUG nextflow.cli.Launcher - $> nextflow run epi2me-labs/wf-human-variation --help
dec-15 15:14:50.921 [main] INFO  nextflow.cli.CmdRun - N E X T F L O W  ~  version 23.10.1
dec-15 15:14:51.018 [main] DEBUG nextflow.plugin.PluginsFacade - Setting up plugin manager > mode=prod; embedded=false; plugins-dir=/home/umc_laat/gvandersluis/.nextflow/plugins; core-plugins: nf-amazon@2.1.4,nf-azure@1.3.3,nf-cloudcache@0.3.0,nf-codecommit@0.1.5,nf-console@1.0.6,nf-ga4gh@1.1.0,nf-google@1.8.3,nf-tower@1.6.3,nf-wave@1.0.1
dec-15 15:14:51.027 [main] INFO  o.pf4j.DefaultPluginStatusProvider - Enabled plugins: []
dec-15 15:14:51.027 [main] INFO  o.pf4j.DefaultPluginStatusProvider - Disabled plugins: []
dec-15 15:14:51.029 [main] INFO  org.pf4j.DefaultPluginManager - PF4J version 3.4.1 in 'deployment' mode
dec-15 15:14:51.114 [main] INFO  org.pf4j.AbstractPluginManager - No plugins
dec-15 15:14:51.129 [main] DEBUG nextflow.scm.ProviderConfig - Using SCM config path: /home/umc_laat/gvandersluis/.nextflow/scm
dec-15 15:14:53.020 [main] DEBUG nextflow.cli.Launcher - Operation aborted
ch.artecat.grengine.except.CompileException: Compile failed for sources FixedSetSources[name='/groovy/script/Script1E3D3EC5EF271D5A6B680A8129EFA876/_nf_config_4547666d']. Cause: BUG! exception in phase 'semantic analysis' in source unit '/groovy/script/Script1E3D3EC5EF271D5A6B680A8129EFA876/_nf_config_4547666d' Unsupported class file major version 69
	at ch.artecat.grengine.code.groovy.DefaultGroovyCompiler.compile(DefaultGroovyCompiler.java:258)
	at ch.artecat.grengine.load.DefaultTopCodeCache.getUpToDateCode(DefaultTopCodeCache.java:80)
	at ch.artecat.grengine.load.LayeredClassLoader.getTopLoader(LayeredClassLoader.java:251)
	at ch.artecat.grengine.load.LayeredClassLoader.loadMainClass(LayeredClassLoader.java:202)
	at ch.artecat.grengine.engine.LayeredEngine.loadMainClass(LayeredEngine.java:198)
	at ch.artecat.grengine.Grengine.loadMainClass(Grengine.java:679)
	at ch.artecat.grengine.BaseGrengine.load(BaseGrengine.java:538)
	at ch.artecat.grengine.BaseGrengine.load(BaseGrengine.java:421)
	at ch.artecat.grengine.BaseGrengine$load.call(Unknown Source)
	at org.codehaus.groovy.runtime.callsite.CallSiteArray.defaultCall(CallSiteArray.java:47)
	at org.codehaus.groovy.runtime.callsite.AbstractCallSite.call(AbstractCallSite.java:125)
	at org.codehaus.groovy.runtime.callsite.AbstractCallSite.call(AbstractCallSite.java:148)
	at nextflow.config.ConfigParser.loadScript(ConfigParser.groovy:222)
	at nextflow.config.ConfigParser.parse(ConfigParser.groovy:273)
	at nextflow.scm.AssetManager.getManifest0(AssetManager.groovy:451)
	at nextflow.scm.AssetManager.memoizedMethodPriv$getManifest(AssetManager.groovy:434)
	at java.base/jdk.internal.reflect.DirectMethodHandleAccessor.invoke(DirectMethodHandleAccessor.java:104)
	at java.base/java.lang.reflect.Method.invoke(Method.java:565)
	at org.codehaus.groovy.reflection.CachedMethod.invoke(CachedMethod.java:107)
	at groovy.lang.MetaMethod.doMethodInvoke(MetaMethod.java:323)
	at groovy.lang.MetaClassImpl.invokeMethod(MetaClassImpl.java:1254)
	at groovy.lang.MetaClassImpl.invokeMethod(MetaClassImpl.java:1030)
	at org.codehaus.groovy.runtime.InvokerHelper.invokePogoMethod(InvokerHelper.java:1036)
	at org.codehaus.groovy.runtime.InvokerHelper.invokeMethod(InvokerHelper.java:1019)
	at org.codehaus.groovy.runtime.InvokerHelper.invokeMethodSafe(InvokerHelper.java:97)
	at nextflow.scm.AssetManager$_closure2.doCall(AssetManager.groovy)
	at nextflow.scm.AssetManager$_closure2.doCall(AssetManager.groovy)
	at java.base/jdk.internal.reflect.DirectMethodHandleAccessor.invoke(DirectMethodHandleAccessor.java:104)
	at java.base/java.lang.reflect.Method.invoke(Method.java:565)
	at org.codehaus.groovy.reflection.CachedMethod.invoke(CachedMethod.java:107)
	at groovy.lang.MetaMethod.doMethodInvoke(MetaMethod.java:323)
	at org.codehaus.groovy.runtime.metaclass.ClosureMetaClass.invokeMethod(ClosureMetaClass.java:274)
	at groovy.lang.MetaClassImpl.invokeMethod(MetaClassImpl.java:1030)
	at groovy.lang.Closure.call(Closure.java:427)
	at org.codehaus.groovy.runtime.memoize.Memoize$MemoizeFunction.lambda$call$0(Memoize.java:137)
	at org.codehaus.groovy.runtime.memoize.ConcurrentCommonCache.getAndPut(ConcurrentCommonCache.java:137)
	at org.codehaus.groovy.runtime.memoize.ConcurrentCommonCache.getAndPut(ConcurrentCommonCache.java:113)
	at org.codehaus.groovy.runtime.memoize.Memoize$MemoizeFunction.call(Memoize.java:136)
	at groovy.lang.Closure.call(Closure.java:406)
	at nextflow.scm.AssetManager.getManifest(AssetManager.groovy)
	at nextflow.scm.AssetManager.getGitConfigRemoteUrl(AssetManager.groovy:1050)
	at nextflow.scm.AssetManager.getGitConfigRemoteDomain(AssetManager.groovy:1059)
	at nextflow.scm.AssetManager.guessHubProviderFromGitConfig(AssetManager.groovy:1082)
	at nextflow.scm.AssetManager.guessHubProviderFromGitConfig(AssetManager.groovy)
	at nextflow.scm.AssetManager.checkHubProvider(AssetManager.groovy:225)
	at nextflow.scm.AssetManager.build(AssetManager.groovy:128)
	at nextflow.scm.AssetManager.<init>(AssetManager.groovy:104)
	at nextflow.cli.CmdRun.getScriptFile0(CmdRun.groovy:521)
	at nextflow.cli.CmdRun.getScriptFile(CmdRun.groovy:462)
	at nextflow.cli.CmdRun.run(CmdRun.groovy:317)
	at nextflow.cli.Launcher.run(Launcher.groovy:500)
	at nextflow.cli.Launcher.main(Launcher.groovy:672)
Caused by: org.codehaus.groovy.GroovyBugError: BUG! exception in phase 'semantic analysis' in source unit '/groovy/script/Script1E3D3EC5EF271D5A6B680A8129EFA876/_nf_config_4547666d' Unsupported class file major version 69
	at org.codehaus.groovy.control.CompilationUnit$ISourceUnitOperation.doPhaseOperation(CompilationUnit.java:906)
	at org.codehaus.groovy.control.CompilationUnit.processPhaseOperations(CompilationUnit.java:672)
	at org.codehaus.groovy.control.CompilationUnit.compile(CompilationUnit.java:636)
	at ch.artecat.grengine.code.groovy.DefaultGroovyCompiler.compile(DefaultGroovyCompiler.java:229)
	... 51 common frames omitted
Caused by: java.lang.IllegalArgumentException: Unsupported class file major version 69
	at groovyjarjarasm.asm.ClassReader.<init>(ClassReader.java:199)
	at groovyjarjarasm.asm.ClassReader.<init>(ClassReader.java:180)
	at groovyjarjarasm.asm.ClassReader.<init>(ClassReader.java:166)
	at groovyjarjarasm.asm.ClassReader.<init>(ClassReader.java:287)
	at org.codehaus.groovy.ast.decompiled.AsmDecompiler.parseClass(AsmDecompiler.java:81)
	at org.codehaus.groovy.control.ClassNodeResolver.findDecompiled(ClassNodeResolver.java:251)
	at org.codehaus.groovy.control.ClassNodeResolver.tryAsLoaderClassOrScript(ClassNodeResolver.java:189)
	at org.codehaus.groovy.control.ClassNodeResolver.findClassNode(ClassNodeResolver.java:169)
	at org.codehaus.groovy.control.ClassNodeResolver.resolveName(ClassNodeResolver.java:125)
	at org.codehaus.groovy.ast.decompiled.AsmReferenceResolver.resolveClassNullable(AsmReferenceResolver.java:57)
	at org.codehaus.groovy.ast.decompiled.AsmReferenceResolver.resolveClass(AsmReferenceResolver.java:44)
	at org.codehaus.groovy.ast.decompiled.AsmReferenceResolver.resolveNonArrayType(AsmReferenceResolver.java:79)
	at org.codehaus.groovy.ast.decompiled.AsmReferenceResolver.resolveType(AsmReferenceResolver.java:70)
	at org.codehaus.groovy.ast.decompiled.MemberSignatureParser.createMethodNode(MemberSignatureParser.java:50)
	at org.codehaus.groovy.ast.decompiled.DecompiledClassNode.lambda$createMethodNode$1(DecompiledClassNode.java:233)
	at org.codehaus.groovy.ast.decompiled.DecompiledClassNode.createMethodNode(DecompiledClassNode.java:239)
	at org.codehaus.groovy.ast.decompiled.DecompiledClassNode.lazyInitMembers(DecompiledClassNode.java:206)
	at org.codehaus.groovy.ast.decompiled.DecompiledClassNode.getFields(DecompiledClassNode.java:92)
	at org.codehaus.groovy.classgen.VariableScopeVisitor.findClassMember(VariableScopeVisitor.java:176)
	at org.codehaus.groovy.classgen.VariableScopeVisitor.findVariableDeclaration(VariableScopeVisitor.java:242)
	at org.codehaus.groovy.classgen.VariableScopeVisitor.visitMethodCallExpression(VariableScopeVisitor.java:570)
	at org.codehaus.groovy.ast.expr.MethodCallExpression.visit(MethodCallExpression.java:76)
	at org.codehaus.groovy.ast.CodeVisitorSupport.visitExpressionStatement(CodeVisitorSupport.java:117)
	at org.codehaus.groovy.ast.ClassCodeVisitorSupport.visitExpressionStatement(ClassCodeVisitorSupport.java:200)
	at org.codehaus.groovy.ast.stmt.ExpressionStatement.visit(ExpressionStatement.java:40)
	at org.codehaus.groovy.ast.ClassCodeVisitorSupport.visitClassCodeContainer(ClassCodeVisitorSupport.java:138)
	at org.codehaus.groovy.classgen.VariableScopeVisitor.visitConstructorOrMethod(VariableScopeVisitor.java:410)
	at org.codehaus.groovy.ast.ClassCodeVisitorSupport.visitConstructor(ClassCodeVisitorSupport.java:101)
	at org.codehaus.groovy.ast.ClassNode.visitContents(ClassNode.java:1082)
	at org.codehaus.groovy.ast.ClassCodeVisitorSupport.visitClass(ClassCodeVisitorSupport.java:52)
	at org.codehaus.groovy.classgen.VariableScopeVisitor.visitClass(VariableScopeVisitor.java:369)
	at org.codehaus.groovy.control.CompilationUnit.lambda$new$16(CompilationUnit.java:736)
	at org.codehaus.groovy.control.CompilationUnit$ISourceUnitOperation.doPhaseOperation(CompilationUnit.java:902)
	... 54 common frames omitted
