dec-15 15:04:34.127 [main] DEBUG nextflow.cli.Launcher - $> nextflow wf_h_var.nf
dec-15 15:04:34.241 [main] DEBUG nextflow.cli.CmdRun - N E X T F L O W  ~  version 25.10.2
dec-15 15:04:34.323 [main] DEBUG nextflow.plugin.PluginsFacade - Setting up plugin manager > mode=prod; embedded=false; plugins-dir=/home/umc_laat/gvandersluis/.nextflow/plugins; core-plugins: nf-amazon@3.4.2,nf-azure@1.20.2,nf-cloudcache@0.5.0,nf-codecommit@0.5.0,nf-console@1.3.0,nf-google@1.23.3,nf-k8s@1.2.2,nf-tower@1.17.3,nf-wave@1.16.1
dec-15 15:04:34.340 [main] INFO  o.pf4j.DefaultPluginStatusProvider - Enabled plugins: []
dec-15 15:04:34.341 [main] INFO  o.pf4j.DefaultPluginStatusProvider - Disabled plugins: []
dec-15 15:04:34.343 [main] INFO  org.pf4j.DefaultPluginManager - PF4J version 3.12.0 in 'deployment' mode
dec-15 15:04:34.352 [main] DEBUG nextflow.util.RetryConfig - Missing nextflow session - using default retry config
dec-15 15:04:34.641 [main] INFO  org.pf4j.AbstractPluginManager - No plugins
dec-15 15:04:34.823 [main] DEBUG nextflow.plugin.PluginsFacade - Plugins default=[]
dec-15 15:04:34.823 [main] DEBUG nextflow.plugin.PluginsFacade - Plugins resolved requirement=[]
dec-15 15:04:34.833 [main] DEBUG n.secret.LocalSecretsProvider - Secrets store: /home/umc_laat/gvandersluis/.nextflow/secrets/store.json
dec-15 15:04:34.839 [main] DEBUG nextflow.secret.SecretsLoader - Discovered secrets providers: [nextflow.secret.LocalSecretsProvider@54562ea6] - activable => nextflow.secret.LocalSecretsProvider@54562ea6
dec-15 15:04:34.846 [main] DEBUG nextflow.cli.CmdRun - Applied DSL=2 by global default
dec-15 15:04:34.918 [main] DEBUG nextflow.cli.CmdRun - Launching `wf_h_var.nf` [pensive_bassi] DSL2 - revision: b9acb14855
dec-15 15:04:35.023 [main] DEBUG nextflow.Session - Session UUID: db02d6c0-8ae0-4d66-a1bc-60c82fbceffe
dec-15 15:04:35.023 [main] DEBUG nextflow.Session - Run name: pensive_bassi
dec-15 15:04:35.023 [main] DEBUG nextflow.Session - Executor pool size: 2
dec-15 15:04:35.029 [main] DEBUG nextflow.file.FilePorter - File porter settings maxRetries=3; maxTransfers=50; pollTimeout=null
dec-15 15:04:35.032 [main] DEBUG nextflow.util.ThreadPoolBuilder - Creating thread pool 'FileTransfer' minSize=10; maxSize=10; workQueue=LinkedBlockingQueue[-1]; allowCoreThreadTimeout=false
dec-15 15:04:35.049 [main] DEBUG nextflow.cli.CmdRun - 
  Version: 25.10.2 build 10555
  Created: 28-11-2025 19:24 UTC (20:24 CEST)
  System: Linux 4.18.0-553.74.1.el8_10.x86_64
  Runtime: Groovy 4.0.28 on OpenJDK 64-Bit Server VM 25.0.1+8-LTS
  Encoding: UTF-8 (UTF-8)
  Process: 2121994@hpcs06.manage.hpc [143.121.243.146]
  CPUs: 1 - Mem: 5 GB (4.9 GB) - Swap: 24 GB (21.6 GB)
dec-15 15:04:35.126 [main] DEBUG nextflow.Session - Work-dir: /hpc/umc_laat/gvandersluis/scripts/work [nfs]
dec-15 15:04:35.127 [main] DEBUG nextflow.Session - Script base path does not exist or is not a directory: /hpc/umc_laat/gvandersluis/scripts/bin
dec-15 15:04:35.133 [main] DEBUG nextflow.executor.ExecutorFactory - Extension executors providers=[]
dec-15 15:04:35.139 [main] DEBUG nextflow.Session - Observer factory (v2): LinObserverFactory
dec-15 15:04:35.140 [main] DEBUG nextflow.Session - Observer factory (v2): DefaultObserverFactory
dec-15 15:04:35.218 [main] DEBUG nextflow.cache.CacheFactory - Using Nextflow cache factory: nextflow.cache.DefaultCacheFactory
dec-15 15:04:35.224 [main] DEBUG nextflow.util.CustomThreadPool - Creating default thread pool > poolSize: 2; maxThreads: 1000
dec-15 15:04:35.435 [main] DEBUG nextflow.Session - Session start
dec-15 15:04:35.645 [main] DEBUG nextflow.script.ScriptRunner - Parsed script files:
dec-15 15:04:35.722 [main] DEBUG n.trace.WorkflowStatsObserver - Workflow completed > WorkflowStats[succeededCount=0; failedCount=0; ignoredCount=0; cachedCount=0; pendingCount=0; submittedCount=0; runningCount=0; retriesCount=0; abortedCount=0; succeedDuration=0ms; failedDuration=0ms; cachedDuration=0ms;loadCpus=0; loadMemory=0; peakRunning=0; peakCpus=0; peakMemory=0; ]
dec-15 15:04:35.844 [main] ERROR nextflow.cli.Launcher - Script compilation error
- file : /hpc/umc_laat/gvandersluis/scripts/wf_h_var.nf
- cause: Unexpected character: '#' @ line 2, column 1.
   #SBATCH --job-name=WF_HUMAN_VARIATION_HG2
   ^

1 error

nextflow.exception.ScriptCompilationException: Script compilation error
- file : /hpc/umc_laat/gvandersluis/scripts/wf_h_var.nf
- cause: Unexpected character: '#' @ line 2, column 1.
   #SBATCH --job-name=WF_HUMAN_VARIATION_HG2
   ^

1 error

	at nextflow.script.parser.v1.ScriptLoaderV1.parse0(ScriptLoaderV1.groovy:204)
	at nextflow.script.parser.v1.ScriptLoaderV1.parse(ScriptLoaderV1.groovy:215)
	at nextflow.script.parser.v1.ScriptLoaderV1.parse(ScriptLoaderV1.groovy)
	at nextflow.script.ScriptRunner.parseScript(ScriptRunner.groovy:232)
	at nextflow.script.ScriptRunner.execute(ScriptRunner.groovy:137)
	at nextflow.cli.CmdRun.run(CmdRun.groovy:429)
	at nextflow.cli.Launcher.run(Launcher.groovy:515)
	at nextflow.cli.Launcher.main(Launcher.groovy:675)
Caused by: org.codehaus.groovy.control.MultipleCompilationErrorsException: startup failed:
Script_b4636f48fa928080: 2: Unexpected character: '#' @ line 2, column 1.
   #SBATCH --job-name=WF_HUMAN_VARIATION_HG2
   ^

1 error

	at org.codehaus.groovy.control.ErrorCollector.failIfErrors(ErrorCollector.java:292)
	at org.codehaus.groovy.control.ErrorCollector.addFatalError(ErrorCollector.java:148)
	at org.apache.groovy.parser.antlr4.AstBuilder.collectSyntaxError(AstBuilder.java:4739)
	at org.apache.groovy.parser.antlr4.AstBuilder.createParsingFailedException(AstBuilder.java:4722)
	at org.apache.groovy.parser.antlr4.AstBuilder.convertException(AstBuilder.java:254)
	at org.apache.groovy.parser.antlr4.AstBuilder.buildCST(AstBuilder.java:228)
	at org.apache.groovy.parser.antlr4.AstBuilder.buildAST(AstBuilder.java:262)
	at org.apache.groovy.parser.antlr4.Antlr4ParserPlugin.buildAST(Antlr4ParserPlugin.java:58)
	at org.codehaus.groovy.control.SourceUnit.buildAST(SourceUnit.java:256)
	at java.base/java.util.Iterator.forEachRemaining(Iterator.java:133)
	at java.base/java.util.Spliterators$IteratorSpliterator.forEachRemaining(Spliterators.java:1939)
	at java.base/java.util.stream.ReferencePipeline$Head.forEach(ReferencePipeline.java:803)
	at org.codehaus.groovy.control.CompilationUnit.compile(CompilationUnit.java:631)
	at groovy.lang.GroovyClassLoader.doParseClass(GroovyClassLoader.java:365)
	at groovy.lang.GroovyClassLoader.lambda$parseClass$2(GroovyClassLoader.java:314)
	at org.codehaus.groovy.runtime.memoize.StampedCommonCache.compute(StampedCommonCache.java:163)
	at org.codehaus.groovy.runtime.memoize.StampedCommonCache.getAndPut(StampedCommonCache.java:154)
	at groovy.lang.GroovyClassLoader.parseClass(GroovyClassLoader.java:314)
	at groovy.lang.GroovyShell.parseClass(GroovyShell.java:572)
	at groovy.lang.GroovyShell.parse(GroovyShell.java:585)
	at groovy.lang.GroovyShell.parse(GroovyShell.java:639)
	at groovy.lang.GroovyShell.parse(GroovyShell.java:643)
	at nextflow.script.parser.v1.ScriptLoaderV1.parse0(ScriptLoaderV1.groovy:183)
	... 7 common frames omitted
